2620:0:1c00::/40
2a03:2880::/32
2a03:2880:fffe::/48
2a03:2880:ffff::/48
2620:0:1cff::/48
2a03:2880:f001::/48
2a03:2880:f003::/48
2a03:2880:f004::/48
2a03:2880:f005::/48
2a03:2880:f006::/48
2a03:2880:f007::/48
2a03:2880:f008::/48
2a03:2880:f00a::/48
2a03:2880:f00c::/48
2a03:2880:f00d::/48
2a03:2880:f00e::/48
2a03:2880:f00f::/48
2a03:2880:f010::/48
2a03:2880:f011::/48
2a03:2880:f012::/48
2a03:2880:f013::/48
2a03:2880:f016::/48
2a03:2880:f017::/48
2a03:2880:f019::/48
2a03:2880:f01b::/48
2a03:2880:f01c::/48
2a03:2880:f01f::/48
2a03:2880:1000::/36
2a03:2880:2000::/36
2a03:2880:3000::/36
2a03:2880:4000::/36
2a03:2880:5000::/36
2a03:2880:6000::/36
2a03:2880:7000::/36
2a03:2880:f021::/48
2a03:2880:f023::/48
2a03:2880:f024::/48
2a03:2880:f027::/48
2a03:2880:f028::/48
2a03:2880:f029::/48
2a03:2880:f02b::/48
2a03:2880:f02c::/48
2a03:2880:f02d::/48
2a03:2880:f02e::/48
2a03:2880:f02f::/48
2a03:2880:f030::/48
2a03:2880:f031::/48
2a03:2880:f032::/48
2a03:2880:f033::/48
2a03:2880:f034::/48
2a03:2880:f035::/48
2a03:2880:f036::/48
2a03:2880:f037::/48
2a03:2880:f038::/48
2a03:2880:f03a::/48
2a03:2880:f03b::/48
2a03:2880:f03d::/48
2a03:2880:f03e::/48
2a03:2880:f03f::/48
2401:db00::/32
2a03:2880::/36
2a03:2880:f101::/48
2a03:2880:f201::/48
2a03:2880:f103::/48
2a03:2880:f203::/48
2a03:2880:f104::/48
2a03:2880:f204::/48
2a03:2880:f107::/48
2a03:2880:f207::/48
2a03:2880:f108::/48
2a03:2880:f208::/48
2a03:2880:f10a::/48
2a03:2880:f20a::/48
2a03:2880:f10d::/48
2a03:2880:f20d::/48
2a03:2880:f10e::/48
2a03:2880:f20e::/48
2a03:2880:f10f::/48
2a03:2880:f20f::/48
2a03:2880:f110::/48
2a03:2880:f210::/48
2a03:2880:f111::/48
2a03:2880:f211::/48
2a03:2880:f112::/48
2a03:2880:f212::/48
2a03:2880:f116::/48
2620:10d:c090::/44
2620:10d:c090::/48
2620:10d:c091::/48
2620:10d:c092::/48
2620:10d:c093::/48
2620:10d:c094::/48
2620:10d:c095::/48
2620:10d:c096::/48
2620:10d:c09a::/48
2620:10d:c098::/48
2620:10d:c099::/48
2a03:2887:ff23::/48
2a03:2887:ff1b::/48
2a03:2887:ff1c::/48
2a03:2887:ff21::/48
2a03:2887:ff25::/48
2a03:2887:ff24::/48
2a03:2887:ff33::/48
2c0f:ef78:0000::/48
2c0f:ef78:0001::/48
2a03:2887:ff27::/48
2c0f:ef78:3::/48
2c0f:ef78:5::/48
2c0f:ef78:6::/48
2a03:2887:ff35::/48
2a03:2887:ff36::/48
2a03:2887:ff28::/48
2a03:2887:ff29::/48
2a03:2887:ff2a::/48
2a03:2887:ff37::/48
2a03:2887:ff1e::/48
2a03:2887:ff2f::/48
2a03:2887:ff2e::/48
2a03:2887:ff3b::/48
2a03:2887:ff18::/48
2a03:2887:ff19::/48
2a03:2887:ff1d::/48
2a03:2887:ff39::/48
2a03:2887:ff3f::/48
2a03:2887:ff2b::/48
2a03:2887:ff3a::/48
2a03:2887:ff1f::/48
2c0f:ef78:c::/48
2c0f:ef78:9::/48
2a03:2887:ff30::/48
2a03:2887:ff38::/48
2c0f:ef78:d::/48
2c0f:ef78:e::/48
2a03:2887:ff41::/48
2c0f:ef78:10::/48
2c0f:ef78:f::/48
2a03:2887:ff40::/48
2a03:2887:ff43::/48
2a03:2887:ff44::/48
2c0f:ef78:11::/48
2a03:2887:ff45::/48
2a03:2887:ff49::/48
2a03:2887:ff4a::/48
2a03:2887:ff4b::/48
2a03:2887:ff48::/48
2a03:2887:ff4d::/48
2a03:2887:ff4e::/48
2a03:2887:ff4f::/64
2a03:2887:ff50::/48
2a03:2887:ff51::/48
2a03:2887:ff52::/48
2a03:2887:ff02::/48
2a03:2887:ff4f::/48
2a03:2887:ff53::/48
2a03:2887:ff54::/48
2a03:2887:ff55::/48
2a03:2887:ff57::/48
2a03:2887:ff56::/48
2a03:2887:ff58::/48
2c0f:ef78:12::/48
2a03:2887:ff59::/48
2a03:2887:ff60::/48
2a03:2887:ff03::/48
2c0f:ef78:3::/48
2a10:f781:10:cee0::/64
2a03:2887:ff19::/48
